[1224/174050.692:ERROR:directory_reader_win.cc(43)] FindFirstFile: The system cannot find the path specified. (0x3)
[1225/001341.996:ERROR:process_memory_win.cc(73)] ReadMemory at 0x7ff737080000 of 64 bytes failed: Only part of a ReadProcessMemory or WriteProcessMemory request was completed. (0x12B)
[1225/001342.591:WARNING:pe_image_reader.cc(340)] could not read dos header from C:\Program Files (x86)\Google\Chrome\Application\chrome.exe
[1225/001342.591:ERROR:process_memory_win.cc(73)] ReadMemory at 0x7ffc9d8c0000 of 64 bytes failed: Only part of a ReadProcessMemory or WriteProcessMemory request was completed. (0x12B)
[1225/001342.591:WARNING:pe_image_reader.cc(340)] could not read dos header from C:\WINDOWS\SYSTEM32\ntdll.dll
[1225/001342.618:ERROR:process_memory_win.cc(73)] ReadMemory at 0x7ffc9b970000 of 64 bytes failed: Only part of a ReadProcessMemory or WriteProcessMemory request was completed. (0x12B)
[1225/001342.618:WARNING:pe_image_reader.cc(340)] could not read dos header from C:\WINDOWS\System32\KERNEL32.DLL
[1225/001342.618:ERROR:process_memory_win.cc(73)] ReadMemory at 0x7ffc9b320000 of 64 bytes failed: Only part of a ReadProcessMemory or WriteProcessMemory request was completed. (0x12B)
[1225/001342.618:WARNING:pe_image_reader.cc(340)] could not read dos header from C:\WINDOWS\System32\KERNELBASE.dll
[1225/001342.618:ERROR:process_memory_win.cc(73)] ReadMemory at 0x7ffc71ab0000 of 64 bytes failed: Only part of a ReadProcessMemory or WriteProcessMemory request was completed. (0x12B)
[1225/001342.619:WARNING:pe_image_reader.cc(340)] could not read dos header from C:\Program Files (x86)\Google\Chrome\Application\87.0.4280.88\chrome_elf.dll
[1225/001342.619:ERROR:process_memory_win.cc(73)] ReadMemory at 0x7ffc8ecf0000 of 64 bytes failed: Only part of a ReadProcessMemory or WriteProcessMemory request was completed. (0x12B)
[1225/001342.619:WARNING:pe_image_reader.cc(340)] could not read dos header from C:\WINDOWS\SYSTEM32\VERSION.dll
[1225/001342.619:ERROR:process_memory_win.cc(73)] ReadMemory at 0x7ffc9c850000 of 64 bytes failed: Only part of a ReadProcessMemory or WriteProcessMemory request was completed. (0x12B)
[1225/001342.619:WARNING:pe_image_reader.cc(340)] could not read dos header from C:\WINDOWS\System32\msvcrt.dll
[1225/001342.619:ERROR:process_memory_win.cc(73)] ReadMemory at 0x7ffc9b290000 of 64 bytes failed: Only part of a ReadProcessMemory or WriteProcessMemory request was completed. (0x12B)
[1225/001342.619:WARNING:pe_image_reader.cc(340)] could not read dos header from C:\WINDOWS\System32\bcryptPrimitives.dll
[1225/001342.619:ERROR:process_memory_win.cc(73)] ReadMemory at 0x7ffc9cf70000 of 64 bytes failed: Only part of a ReadProcessMemory or WriteProcessMemory request was completed. (0x12B)
[1225/001342.619:WARNING:pe_image_reader.cc(340)] could not read dos header from C:\WINDOWS\System32\ADVAPI32.dll
[1225/001342.619:ERROR:process_memory_win.cc(73)] ReadMemory at 0x7ffc9bfe0000 of 64 bytes failed: Only part of a ReadProcessMemory or WriteProcessMemory request was completed. (0x12B)
[1225/001342.619:WARNING:pe_image_reader.cc(340)] could not read dos header from C:\WINDOWS\System32\sechost.dll
[1225/001342.619:ERROR:process_memory_win.cc(73)] ReadMemory at 0x7ffc9bc80000 of 64 bytes failed: Only part of a ReadProcessMemory or WriteProcessMemory request was completed. (0x12B)
[1225/001342.619:WARNING:pe_image_reader.cc(340)] could not read dos header from C:\WINDOWS\System32\RPCRT4.dll
[1225/001342.619:ERROR:process_memory_win.cc(73)] ReadMemory at 0x7ffc37c90000 of 64 bytes failed: Only part of a ReadProcessMemory or WriteProcessMemory request was completed. (0x12B)
[1225/001342.619:WARNING:pe_image_reader.cc(340)] could not read dos header from C:\Program Files (x86)\Google\Chrome\Application\87.0.4280.88\chrome.dll
[1225/001342.619:ERROR:process_memory_win.cc(73)] ReadMemory at 0x7ffc9ce60000 of 64 bytes failed: Only part of a ReadProcessMemory or WriteProcessMemory request was completed. (0x12B)
[1225/001342.619:WARNING:pe_image_reader.cc(340)] could not read dos header from C:\WINDOWS\System32\WS2_32.dll
[1225/001342.619:ERROR:process_memory_win.cc(73)] ReadMemory at 0x7ffc9c080000 of 64 bytes failed: Only part of a ReadProcessMemory or WriteProcessMemory request was completed. (0x12B)
[1225/001342.619:WARNING:pe_image_reader.cc(340)] could not read dos header from C:\WINDOWS\System32\OLEAUT32.dll
[1225/001342.619:ERROR:process_memory_win.cc(73)] ReadMemory at 0x7ffc9b6d0000 of 64 bytes failed: Only part of a ReadProcessMemory or WriteProcessMemory request was completed. (0x12B)
[1225/001342.619:WARNING:pe_image_reader.cc(340)] could not read dos header from C:\WINDOWS\System32\msvcp_win.dll
[1225/001342.619:ERROR:process_memory_win.cc(73)] ReadMemory at 0x7ffc9b5d0000 of 64 bytes failed: Only part of a ReadProcessMemory or WriteProcessMemory request was completed. (0x12B)
[1225/001342.619:WARNING:pe_image_reader.cc(340)] could not read dos header from C:\WINDOWS\System32\ucrtbase.dll
[1225/001342.620:ERROR:process_memory_win.cc(73)] ReadMemory at 0x7ffc9c9a0000 of 64 bytes failed: Only part of a ReadProcessMemory or WriteProcessMemory request was completed. (0x12B)
[1225/001342.620:WARNING:pe_image_reader.cc(340)] could not read dos header from C:\WINDOWS\System32\combase.dll
[1225/001342.620:ERROR:process_memory_win.cc(73)] ReadMemory at 0x7ffc9b790000 of 64 bytes failed: Only part of a ReadProcessMemory or WriteProcessMemory request was completed. (0x12B)
[1225/001342.620:WARNING:pe_image_reader.cc(340)] could not read dos header from C:\WINDOWS\System32\WINTRUST.dll
[1225/001342.620:ERROR:process_memory_win.cc(73)] ReadMemory at 0x7ffc9a810000 of 64 bytes failed: Only part of a ReadProcessMemory or WriteProcessMemory request was completed. (0x12B)
[1225/001342.620:WARNING:pe_image_reader.cc(340)] could not read dos header from C:\WINDOWS\System32\MSASN1.dll
[1225/001342.620:ERROR:process_memory_win.cc(73)] ReadMemory at 0x7ffc9b820000 of 64 bytes failed: Only part of a ReadProcessMemory or WriteProcessMemory request was completed. (0x12B)
[1225/001342.620:WARNING:pe_image_reader.cc(340)] could not read dos header from C:\WINDOWS\System32\CRYPT32.dll
[1225/001342.620:ERROR:process_memory_win.cc(73)] ReadMemory at 0x7ffc98f80000 of 64 bytes failed: Only part of a ReadProcessMemory or WriteProcessMemory request was completed. (0x12B)
[1225/001342.620:WARNING:pe_image_reader.cc(340)] could not read dos header from C:\WINDOWS\SYSTEM32\dbghelp.dll
[1225/001342.620:ERROR:process_memory_win.cc(73)] ReadMemory at 0x7ffc99cc0000 of 64 bytes failed: Only part of a ReadProcessMemory or WriteProcessMemory request was completed. (0x12B)
[1225/001342.620:WARNING:pe_image_reader.cc(340)] could not read dos header from C:\WINDOWS\SYSTEM32\IPHLPAPI.DLL
[1225/001342.620:ERROR:process_memory_win.cc(73)] ReadMemory at 0x7ffc97040000 of 64 bytes failed: Only part of a ReadProcessMemory or WriteProcessMemory request was completed. (0x12B)
[1225/001342.620:WARNING:pe_image_reader.cc(340)] could not read dos header from C:\WINDOWS\SYSTEM32\WINMM.dll
[1225/001342.620:ERROR:process_memory_win.cc(73)] ReadMemory at 0x7ffc69180000 of 64 bytes failed: Only part of a ReadProcessMemory or WriteProcessMemory request was completed. (0x12B)
[1225/001342.620:WARNING:pe_image_reader.cc(340)] could not read dos header from C:\WINDOWS\SYSTEM32\UIAutomationCore.DLL
[1225/001342.620:ERROR:process_memory_win.cc(73)] ReadMemory at 0x7ffc8aaa0000 of 64 bytes failed: Only part of a ReadProcessMemory or WriteProcessMemory request was completed. (0x12B)
[1225/001342.620:WARNING:pe_image_reader.cc(340)] could not read dos header from C:\WINDOWS\SYSTEM32\Secur32.dll
[1225/001342.620:ERROR:process_memory_win.cc(73)] ReadMemory at 0x7ffc9a640000 of 64 bytes failed: Only part of a ReadProcessMemory or WriteProcessMemory request was completed. (0x12B)
[1225/001342.620:WARNING:pe_image_reader.cc(340)] could not read dos header from C:\WINDOWS\SYSTEM32\USERENV.dll
[1225/001342.620:ERROR:process_memory_win.cc(73)] ReadMemory at 0x7ffc9a7e0000 of 64 bytes failed: Only part of a ReadProcessMemory or WriteProcessMemory request was completed. (0x12B)
[1225/001342.620:WARNING:pe_image_reader.cc(340)] could not read dos header from C:\WINDOWS\System32\profapi.dll
[1225/001342.620:ERROR:process_memory_win.cc(73)] ReadMemory at 0x7ffc8fc40000 of 64 bytes failed: Only part of a ReadProcessMemory or WriteProcessMemory request was completed. (0x12B)
[1225/001342.620:WARNING:pe_image_reader.cc(340)] could not read dos header from C:\WINDOWS\SYSTEM32\DWrite.dll
[1225/001342.621:ERROR:process_memory_win.cc(73)] ReadMemory at 0x7ffc8e120000 of 64 bytes failed: Only part of a ReadProcessMemory or WriteProcessMemory request was completed. (0x12B)
[1225/001342.621:WARNING:pe_image_reader.cc(340)] could not read dos header from C:\WINDOWS\SYSTEM32\WINSPOOL.DRV
[1225/001342.621:ERROR:process_memory_win.cc(73)] ReadMemory at 0x7ffc9a770000 of 64 bytes failed: Only part of a ReadProcessMemory or WriteProcessMemory request was completed. (0x12B)
[1225/001342.621:WARNING:pe_image_reader.cc(340)] could not read dos header from C:\WINDOWS\System32\kernel.appcore.dll
[1225/001342.621:ERROR:process_memory_win.cc(73)] ReadMemory at 0x7ffc9b7f0000 of 64 bytes failed: Only part of a ReadProcessMemory or WriteProcessMemory request was completed. (0x12B)
[1225/001342.621:WARNING:pe_image_reader.cc(340)] could not read dos header from C:\WINDOWS\System32\bcrypt.dll
[1225/001342.621:ERROR:process_memory_win.cc(73)] ReadMemory at 0x7ffc8c570000 of 64 bytes failed: Only part of a ReadProcessMemory or WriteProcessMemory request was completed. (0x12B)
[1225/001342.621:WARNING:pe_image_reader.cc(340)] could not read dos header from C:\WINDOWS\SYSTEM32\WINHTTP.dll
[1225/001342.621:ERROR:process_memory_win.cc(73)] ReadMemory at 0x7ffc8fff0000 of 64 bytes failed: Only part of a ReadProcessMemory or WriteProcessMemory request was completed. (0x12B)
[1225/001342.621:WARNING:pe_image_reader.cc(340)] could not read dos header from C:\WINDOWS\SYSTEM32\dhcpcsvc.DLL
[1225/001342.621:ERROR:process_memory_win.cc(73)] ReadMemory at 0x7ffc9d7f0000 of 64 bytes failed: Only part of a ReadProcessMemory or WriteProcessMemory request was completed. (0x12B)
[1225/001342.621:WARNING:pe_image_reader.cc(340)] could not read dos header from C:\WINDOWS\System32\NSI.dll
[1225/001342.621:ERROR:process_memory_win.cc(73)] ReadMemory at 0x7ffc97010000 of 64 bytes failed: Only part of a ReadProcessMemory or WriteProcessMemory request was completed. (0x12B)
[1225/001342.621:WARNING:pe_image_reader.cc(340)] could not read dos header from C:\WINDOWS\SYSTEM32\WINMMBASE.dll
[1225/001342.621:ERROR:process_memory_win.cc(73)] ReadMemory at 0x7ffc9a910000 of 64 bytes failed: Only part of a ReadProcessMemory or WriteProcessMemory request was completed. (0x12B)
[1225/001342.621:WARNING:pe_image_reader.cc(340)] could not read dos header from C:\WINDOWS\System32\cfgmgr32.dll
[1225/001342.621:ERROR:process_memory_win.cc(73)] ReadMemory at 0x7ffc968b0000 of 64 bytes failed: Only part of a ReadProcessMemory or WriteProcessMemory request was completed. (0x12B)
[1225/001342.621:WARNING:pe_image_reader.cc(340)] could not read dos header from C:\WINDOWS\SYSTEM32\PROPSYS.dll
[1225/001342.621:ERROR:process_memory_win.cc(73)] ReadMemory at 0x7ffc9c8f0000 of 64 bytes failed: Only part of a ReadProcessMemory or WriteProcessMemory request was completed. (0x12B)
[1225/001342.621:WARNING:pe_image_reader.cc(340)] could not read dos header from C:\WINDOWS\System32\shcore.dll
[1225/001342.621:ERROR:process_memory_win.cc(73)] ReadMemory at 0x7ffc9a670000 of 64 bytes failed: Only part of a ReadProcessMemory or WriteProcessMemory request was completed. (0x12B)
[1225/001342.621:WARNING:pe_image_reader.cc(340)] could not read dos header from C:\WINDOWS\SYSTEM32\SSPICLI.DLL
[1225/001342.621:ERROR:process_memory_win.cc(73)] ReadMemory at 0x7ffc9a180000 of 64 bytes failed: Only part of a ReadProcessMemory or WriteProcessMemory request was completed. (0x12B)
[1225/001342.621:WARNING:pe_image_reader.cc(340)] could not read dos header from C:\WINDOWS\SYSTEM32\CRYPTBASE.DLL
[1225/001342.884:ERROR:process_memory_win.cc(73)] ReadMemory at 0x7ff737080000 of 64 bytes failed: Only part of a ReadProcessMemory or WriteProcessMemory request was completed. (0x12B)
[1225/001342.884:WARNING:pe_image_reader.cc(340)] could not read dos header from C:\Program Files (x86)\Google\Chrome\Application\chrome.exe
[1225/001342.884:ERROR:process_memory_win.cc(73)] ReadMemory at 0x7ffc9d8c0000 of 64 bytes failed: Only part of a ReadProcessMemory or WriteProcessMemory request was completed. (0x12B)
[1225/001342.884:WARNING:pe_image_reader.cc(340)] could not read dos header from C:\WINDOWS\SYSTEM32\ntdll.dll
[1225/001342.884:ERROR:process_memory_win.cc(73)] ReadMemory at 0x7ffc9b970000 of 64 bytes failed: Only part of a ReadProcessMemory or WriteProcessMemory request was completed. (0x12B)
[1225/001342.885:WARNING:pe_image_reader.cc(340)] could not read dos header from C:\WINDOWS\System32\KERNEL32.DLL
[1225/001342.885:ERROR:process_memory_win.cc(73)] ReadMemory at 0x7ffc9b320000 of 64 bytes failed: Only part of a ReadProcessMemory or WriteProcessMemory request was completed. (0x12B)
[1225/001342.885:WARNING:pe_image_reader.cc(340)] could not read dos header from C:\WINDOWS\System32\KERNELBASE.dll
[1225/001342.885:ERROR:process_memory_win.cc(73)] ReadMemory at 0x7ffc71ab0000 of 64 bytes failed: Only part of a ReadProcessMemory or WriteProcessMemory request was completed. (0x12B)
[1225/001342.885:WARNING:pe_image_reader.cc(340)] could not read dos header from C:\Program Files (x86)\Google\Chrome\Application\87.0.4280.88\chrome_elf.dll
[1225/001342.885:ERROR:process_memory_win.cc(73)] ReadMemory at 0x7ffc8ecf0000 of 64 bytes failed: Only part of a ReadProcessMemory or WriteProcessMemory request was completed. (0x12B)
[1225/001342.885:WARNING:pe_image_reader.cc(340)] could not read dos header from C:\WINDOWS\SYSTEM32\VERSION.dll
[1225/001342.885:ERROR:process_memory_win.cc(73)] ReadMemory at 0x7ffc9c850000 of 64 bytes failed: Only part of a ReadProcessMemory or WriteProcessMemory request was completed. (0x12B)
[1225/001342.885:WARNING:pe_image_reader.cc(340)] could not read dos header from C:\WINDOWS\System32\msvcrt.dll
[1225/001342.885:ERROR:process_memory_win.cc(73)] ReadMemory at 0x7ffc9b290000 of 64 bytes failed: Only part of a ReadProcessMemory or WriteProcessMemory request was completed. (0x12B)
[1225/001342.886:WARNING:pe_image_reader.cc(340)] could not read dos header from C:\WINDOWS\System32\bcryptPrimitives.dll
[1225/001342.886:ERROR:process_memory_win.cc(73)] ReadMemory at 0x7ffc9cf70000 of 64 bytes failed: Only part of a ReadProcessMemory or WriteProcessMemory request was completed. (0x12B)
[1225/001342.886:WARNING:pe_image_reader.cc(340)] could not read dos header from C:\WINDOWS\System32\ADVAPI32.dll
[1225/001342.886:ERROR:process_memory_win.cc(73)] ReadMemory at 0x7ffc9bfe0000 of 64 bytes failed: Only part of a ReadProcessMemory or WriteProcessMemory request was completed. (0x12B)
[1225/001342.886:WARNING:pe_image_reader.cc(340)] could not read dos header from C:\WINDOWS\System32\sechost.dll
[1225/001342.886:ERROR:process_memory_win.cc(73)] ReadMemory at 0x7ffc9bc80000 of 64 bytes failed: Only part of a ReadProcessMemory or WriteProcessMemory request was completed. (0x12B)
[1225/001342.886:WARNING:pe_image_reader.cc(340)] could not read dos header from C:\WINDOWS\System32\RPCRT4.dll
[1225/001342.886:ERROR:process_memory_win.cc(73)] ReadMemory at 0x7ffc37c90000 of 64 bytes failed: Only part of a ReadProcessMemory or WriteProcessMemory request was completed. (0x12B)
[1225/001342.886:WARNING:pe_image_reader.cc(340)] could not read dos header from C:\Program Files (x86)\Google\Chrome\Application\87.0.4280.88\chrome.dll
[1225/001342.886:ERROR:process_memory_win.cc(73)] ReadMemory at 0x7ffc9ce60000 of 64 bytes failed: Only part of a ReadProcessMemory or WriteProcessMemory request was completed. (0x12B)
[1225/001342.887:WARNING:pe_image_reader.cc(340)] could not read dos header from C:\WINDOWS\System32\WS2_32.dll
[1225/001342.887:ERROR:process_memory_win.cc(73)] ReadMemory at 0x7ffc9c080000 of 64 bytes failed: Only part of a ReadProcessMemory or WriteProcessMemory request was completed. (0x12B)
[1225/001342.887:WARNING:pe_image_reader.cc(340)] could not read dos header from C:\WINDOWS\System32\OLEAUT32.dll
[1225/001342.887:ERROR:process_memory_win.cc(73)] ReadMemory at 0x7ffc9b6d0000 of 64 bytes failed: Only part of a ReadProcessMemory or WriteProcessMemory request was completed. (0x12B)
[1225/001342.887:WARNING:pe_image_reader.cc(340)] could not read dos header from C:\WINDOWS\System32\msvcp_win.dll
[1225/001342.887:ERROR:process_memory_win.cc(73)] ReadMemory at 0x7ffc9b5d0000 of 64 bytes failed: Only part of a ReadProcessMemory or WriteProcessMemory request was completed. (0x12B)
[1225/001342.887:WARNING:pe_image_reader.cc(340)] could not read dos header from C:\WINDOWS\System32\ucrtbase.dll
[1225/001342.887:ERROR:process_memory_win.cc(73)] ReadMemory at 0x7ffc9c9a0000 of 64 bytes failed: Only part of a ReadProcessMemory or WriteProcessMemory request was completed. (0x12B)
[1225/001342.887:WARNING:pe_image_reader.cc(340)] could not read dos header from C:\WINDOWS\System32\combase.dll
[1225/001342.888:ERROR:process_memory_win.cc(73)] ReadMemory at 0x7ffc9b790000 of 64 bytes failed: Only part of a ReadProcessMemory or WriteProcessMemory request was completed. (0x12B)
[1225/001342.888:WARNING:pe_image_reader.cc(340)] could not read dos header from C:\WINDOWS\System32\WINTRUST.dll
[1225/001342.888:ERROR:process_memory_win.cc(73)] ReadMemory at 0x7ffc9a810000 of 64 bytes failed: Only part of a ReadProcessMemory or WriteProcessMemory request was completed. (0x12B)
[1225/001342.888:WARNING:pe_image_reader.cc(340)] could not read dos header from C:\WINDOWS\System32\MSASN1.dll
[1225/001342.888:ERROR:process_memory_win.cc(73)] ReadMemory at 0x7ffc9b820000 of 64 bytes failed: Only part of a ReadProcessMemory or WriteProcessMemory request was completed. (0x12B)
[1225/001342.888:WARNING:pe_image_reader.cc(340)] could not read dos header from C:\WINDOWS\System32\CRYPT32.dll
[1225/001342.888:ERROR:process_memory_win.cc(73)] ReadMemory at 0x7ffc98f80000 of 64 bytes failed: Only part of a ReadProcessMemory or WriteProcessMemory request was completed. (0x12B)
[1225/001342.888:WARNING:pe_image_reader.cc(340)] could not read dos header from C:\WINDOWS\SYSTEM32\dbghelp.dll
[1225/001342.888:ERROR:process_memory_win.cc(73)] ReadMemory at 0x7ffc99cc0000 of 64 bytes failed: Only part of a ReadProcessMemory or WriteProcessMemory request was completed. (0x12B)
[1225/001342.888:WARNING:pe_image_reader.cc(340)] could not read dos header from C:\WINDOWS\SYSTEM32\IPHLPAPI.DLL
[1225/001342.889:ERROR:process_memory_win.cc(73)] ReadMemory at 0x7ffc97040000 of 64 bytes failed: Only part of a ReadProcessMemory or WriteProcessMemory request was completed. (0x12B)
[1225/001342.889:WARNING:pe_image_reader.cc(340)] could not read dos header from C:\WINDOWS\SYSTEM32\WINMM.dll
[1225/001342.889:ERROR:process_memory_win.cc(73)] ReadMemory at 0x7ffc69180000 of 64 bytes failed: Only part of a ReadProcessMemory or WriteProcessMemory request was completed. (0x12B)
[1225/001342.889:WARNING:pe_image_reader.cc(340)] could not read dos header from C:\WINDOWS\SYSTEM32\UIAutomationCore.DLL
[1225/001342.889:ERROR:process_memory_win.cc(73)] ReadMemory at 0x7ffc8aaa0000 of 64 bytes failed: Only part of a ReadProcessMemory or WriteProcessMemory request was completed. (0x12B)
[1225/001342.889:WARNING:pe_image_reader.cc(340)] could not read dos header from C:\WINDOWS\SYSTEM32\Secur32.dll
[1225/001342.889:ERROR:process_memory_win.cc(73)] ReadMemory at 0x7ffc9a640000 of 64 bytes failed: Only part of a ReadProcessMemory or WriteProcessMemory request was completed. (0x12B)
[1225/001342.889:WARNING:pe_image_reader.cc(340)] could not read dos header from C:\WINDOWS\SYSTEM32\USERENV.dll
[1225/001342.889:ERROR:process_memory_win.cc(73)] ReadMemory at 0x7ffc9a7e0000 of 64 bytes failed: Only part of a ReadProcessMemory or WriteProcessMemory request was completed. (0x12B)
[1225/001342.889:WARNING:pe_image_reader.cc(340)] could not read dos header from C:\WINDOWS\System32\profapi.dll
[1225/001342.890:ERROR:process_memory_win.cc(73)] ReadMemory at 0x7ffc8fc40000 of 64 bytes failed: Only part of a ReadProcessMemory or WriteProcessMemory request was completed. (0x12B)
[1225/001342.890:WARNING:pe_image_reader.cc(340)] could not read dos header from C:\WINDOWS\SYSTEM32\DWrite.dll
[1225/001342.890:ERROR:process_memory_win.cc(73)] ReadMemory at 0x7ffc8e120000 of 64 bytes failed: Only part of a ReadProcessMemory or WriteProcessMemory request was completed. (0x12B)
[1225/001342.890:WARNING:pe_image_reader.cc(340)] could not read dos header from C:\WINDOWS\SYSTEM32\WINSPOOL.DRV
[1225/001342.890:ERROR:process_memory_win.cc(73)] ReadMemory at 0x7ffc9a770000 of 64 bytes failed: Only part of a ReadProcessMemory or WriteProcessMemory request was completed. (0x12B)
[1225/001342.890:WARNING:pe_image_reader.cc(340)] could not read dos header from C:\WINDOWS\System32\kernel.appcore.dll
[1225/001342.890:ERROR:process_memory_win.cc(73)] ReadMemory at 0x7ffc9b7f0000 of 64 bytes failed: Only part of a ReadProcessMemory or WriteProcessMemory request was completed. (0x12B)
[1225/001342.890:WARNING:pe_image_reader.cc(340)] could not read dos header from C:\WINDOWS\System32\bcrypt.dll
[1225/001342.890:ERROR:process_memory_win.cc(73)] ReadMemory at 0x7ffc8c570000 of 64 bytes failed: Only part of a ReadProcessMemory or WriteProcessMemory request was completed. (0x12B)
[1225/001342.891:WARNING:pe_image_reader.cc(340)] could not read dos header from C:\WINDOWS\SYSTEM32\WINHTTP.dll
[1225/001342.891:ERROR:process_memory_win.cc(73)] ReadMemory at 0x7ffc8fff0000 of 64 bytes failed: Only part of a ReadProcessMemory or WriteProcessMemory request was completed. (0x12B)
[1225/001342.891:WARNING:pe_image_reader.cc(340)] could not read dos header from C:\WINDOWS\SYSTEM32\dhcpcsvc.DLL
[1225/001342.891:ERROR:process_memory_win.cc(73)] ReadMemory at 0x7ffc9d7f0000 of 64 bytes failed: Only part of a ReadProcessMemory or WriteProcessMemory request was completed. (0x12B)
[1225/001342.891:WARNING:pe_image_reader.cc(340)] could not read dos header from C:\WINDOWS\System32\NSI.dll
[1225/001342.891:ERROR:process_memory_win.cc(73)] ReadMemory at 0x7ffc97010000 of 64 bytes failed: Only part of a ReadProcessMemory or WriteProcessMemory request was completed. (0x12B)
[1225/001342.891:WARNING:pe_image_reader.cc(340)] could not read dos header from C:\WINDOWS\SYSTEM32\WINMMBASE.dll
[1225/001342.891:ERROR:process_memory_win.cc(73)] ReadMemory at 0x7ffc9a910000 of 64 bytes failed: Only part of a ReadProcessMemory or WriteProcessMemory request was completed. (0x12B)
[1225/001342.891:WARNING:pe_image_reader.cc(340)] could not read dos header from C:\WINDOWS\System32\cfgmgr32.dll
[1225/001342.892:ERROR:process_memory_win.cc(73)] ReadMemory at 0x7ffc968b0000 of 64 bytes failed: Only part of a ReadProcessMemory or WriteProcessMemory request was completed. (0x12B)
[1225/001342.892:WARNING:pe_image_reader.cc(340)] could not read dos header from C:\WINDOWS\SYSTEM32\PROPSYS.dll
[1225/001342.892:ERROR:process_memory_win.cc(73)] ReadMemory at 0x7ffc9c8f0000 of 64 bytes failed: Only part of a ReadProcessMemory or WriteProcessMemory request was completed. (0x12B)
[1225/001342.892:WARNING:pe_image_reader.cc(340)] could not read dos header from C:\WINDOWS\System32\shcore.dll
[1225/001342.892:ERROR:process_memory_win.cc(73)] ReadMemory at 0x7ffc9a670000 of 64 bytes failed: Only part of a ReadProcessMemory or WriteProcessMemory request was completed. (0x12B)
[1225/001342.892:WARNING:pe_image_reader.cc(340)] could not read dos header from C:\WINDOWS\SYSTEM32\SSPICLI.DLL
[1225/001342.892:ERROR:process_memory_win.cc(73)] ReadMemory at 0x7ffc9a180000 of 64 bytes failed: Only part of a ReadProcessMemory or WriteProcessMemory request was completed. (0x12B)
[1225/001342.892:WARNING:pe_image_reader.cc(340)] could not read dos header from C:\WINDOWS\SYSTEM32\CRYPTBASE.DLL
[1225/001342.892:ERROR:process_memory_win.cc(73)] ReadMemory at 0x7ff737080000 of 64 bytes failed: Only part of a ReadProcessMemory or WriteProcessMemory request was completed. (0x12B)
[1225/001342.892:WARNING:pe_image_reader.cc(340)] could not read dos header from C:\Program Files (x86)\Google\Chrome\Application\chrome.exe
[1225/001342.893:ERROR:process_memory_win.cc(73)] ReadMemory at 0x7ffc9d8c0000 of 64 bytes failed: Only part of a ReadProcessMemory or WriteProcessMemory request was completed. (0x12B)
[1225/001342.893:WARNING:pe_image_reader.cc(340)] could not read dos header from C:\WINDOWS\SYSTEM32\ntdll.dll
[1225/001342.893:ERROR:process_memory_win.cc(73)] ReadMemory at 0x7ffc9b970000 of 64 bytes failed: Only part of a ReadProcessMemory or WriteProcessMemory request was completed. (0x12B)
[1225/001342.893:WARNING:pe_image_reader.cc(340)] could not read dos header from C:\WINDOWS\System32\KERNEL32.DLL
[1225/001342.893:ERROR:process_memory_win.cc(73)] ReadMemory at 0x7ffc9b320000 of 64 bytes failed: Only part of a ReadProcessMemory or WriteProcessMemory request was completed. (0x12B)
[1225/001342.893:WARNING:pe_image_reader.cc(340)] could not read dos header from C:\WINDOWS\System32\KERNELBASE.dll
[1225/001342.893:ERROR:process_memory_win.cc(73)] ReadMemory at 0x7ffc71ab0000 of 64 bytes failed: Only part of a ReadProcessMemory or WriteProcessMemory request was completed. (0x12B)
[1225/001342.893:WARNING:pe_image_reader.cc(340)] could not read dos header from C:\Program Files (x86)\Google\Chrome\Application\87.0.4280.88\chrome_elf.dll
[1225/001342.893:ERROR:process_memory_win.cc(73)] ReadMemory at 0x7ffc8ecf0000 of 64 bytes failed: Only part of a ReadProcessMemory or WriteProcessMemory request was completed. (0x12B)
[1225/001342.893:WARNING:pe_image_reader.cc(340)] could not read dos header from C:\WINDOWS\SYSTEM32\VERSION.dll
[1225/001342.894:ERROR:process_memory_win.cc(73)] ReadMemory at 0x7ffc9c850000 of 64 bytes failed: Only part of a ReadProcessMemory or WriteProcessMemory request was completed. (0x12B)
[1225/001342.894:WARNING:pe_image_reader.cc(340)] could not read dos header from C:\WINDOWS\System32\msvcrt.dll
[1225/001342.894:ERROR:process_memory_win.cc(73)] ReadMemory at 0x7ffc9b290000 of 64 bytes failed: Only part of a ReadProcessMemory or WriteProcessMemory request was completed. (0x12B)
[1225/001342.894:WARNING:pe_image_reader.cc(340)] could not read dos header from C:\WINDOWS\System32\bcryptPrimitives.dll
[1225/001342.894:ERROR:process_memory_win.cc(73)] ReadMemory at 0x7ffc9cf70000 of 64 bytes failed: Only part of a ReadProcessMemory or WriteProcessMemory request was completed. (0x12B)
[1225/001342.894:WARNING:pe_image_reader.cc(340)] could not read dos header from C:\WINDOWS\System32\ADVAPI32.dll
[1225/001342.894:ERROR:process_memory_win.cc(73)] ReadMemory at 0x7ffc9bfe0000 of 64 bytes failed: Only part of a ReadProcessMemory or WriteProcessMemory request was completed. (0x12B)
[1225/001342.894:WARNING:pe_image_reader.cc(340)] could not read dos header from C:\WINDOWS\System32\sechost.dll
[1225/001342.894:ERROR:process_memory_win.cc(73)] ReadMemory at 0x7ffc9bc80000 of 64 bytes failed: Only part of a ReadProcessMemory or WriteProcessMemory request was completed. (0x12B)
[1225/001342.894:WARNING:pe_image_reader.cc(340)] could not read dos header from C:\WINDOWS\System32\RPCRT4.dll
[1225/001342.895:ERROR:process_memory_win.cc(73)] ReadMemory at 0x7ffc37c90000 of 64 bytes failed: Only part of a ReadProcessMemory or WriteProcessMemory request was completed. (0x12B)
[1225/001342.895:WARNING:pe_image_reader.cc(340)] could not read dos header from C:\Program Files (x86)\Google\Chrome\Application\87.0.4280.88\chrome.dll
[1225/001342.895:ERROR:process_memory_win.cc(73)] ReadMemory at 0x7ffc9ce60000 of 64 bytes failed: Only part of a ReadProcessMemory or WriteProcessMemory request was completed. (0x12B)
[1225/001342.895:WARNING:pe_image_reader.cc(340)] could not read dos header from C:\WINDOWS\System32\WS2_32.dll
[1225/001342.895:ERROR:process_memory_win.cc(73)] ReadMemory at 0x7ffc9c080000 of 64 bytes failed: Only part of a ReadProcessMemory or WriteProcessMemory request was completed. (0x12B)
[1225/001342.895:WARNING:pe_image_reader.cc(340)] could not read dos header from C:\WINDOWS\System32\OLEAUT32.dll
[1225/001342.895:ERROR:process_memory_win.cc(73)] ReadMemory at 0x7ffc9b6d0000 of 64 bytes failed: Only part of a ReadProcessMemory or WriteProcessMemory request was completed. (0x12B)
[1225/001342.895:WARNING:pe_image_reader.cc(340)] could not read dos header from C:\WINDOWS\System32\msvcp_win.dll
[1225/001342.895:ERROR:process_memory_win.cc(73)] ReadMemory at 0x7ffc9b5d0000 of 64 bytes failed: Only part of a ReadProcessMemory or WriteProcessMemory request was completed. (0x12B)
[1225/001342.896:WARNING:pe_image_reader.cc(340)] could not read dos header from C:\WINDOWS\System32\ucrtbase.dll
[1225/001342.896:ERROR:process_memory_win.cc(73)] ReadMemory at 0x7ffc9c9a0000 of 64 bytes failed: Only part of a ReadProcessMemory or WriteProcessMemory request was completed. (0x12B)
[1225/001342.896:WARNING:pe_image_reader.cc(340)] could not read dos header from C:\WINDOWS\System32\combase.dll
[1225/001342.896:ERROR:process_memory_win.cc(73)] ReadMemory at 0x7ffc9b790000 of 64 bytes failed: Only part of a ReadProcessMemory or WriteProcessMemory request was completed. (0x12B)
[1225/001342.896:WARNING:pe_image_reader.cc(340)] could not read dos header from C:\WINDOWS\System32\WINTRUST.dll
[1225/001342.896:ERROR:process_memory_win.cc(73)] ReadMemory at 0x7ffc9a810000 of 64 bytes failed: Only part of a ReadProcessMemory or WriteProcessMemory request was completed. (0x12B)
[1225/001342.896:WARNING:pe_image_reader.cc(340)] could not read dos header from C:\WINDOWS\System32\MSASN1.dll
[1225/001342.896:ERROR:process_memory_win.cc(73)] ReadMemory at 0x7ffc9b820000 of 64 bytes failed: Only part of a ReadProcessMemory or WriteProcessMemory request was completed. (0x12B)
[1225/001342.896:WARNING:pe_image_reader.cc(340)] could not read dos header from C:\WINDOWS\System32\CRYPT32.dll
[1225/001342.896:ERROR:process_memory_win.cc(73)] ReadMemory at 0x7ffc98f80000 of 64 bytes failed: Only part of a ReadProcessMemory or WriteProcessMemory request was completed. (0x12B)
[1225/001342.896:WARNING:pe_image_reader.cc(340)] could not read dos header from C:\WINDOWS\SYSTEM32\dbghelp.dll
[1225/001342.897:ERROR:process_memory_win.cc(73)] ReadMemory at 0x7ffc99cc0000 of 64 bytes failed: Only part of a ReadProcessMemory or WriteProcessMemory request was completed. (0x12B)
[1225/001342.897:WARNING:pe_image_reader.cc(340)] could not read dos header from C:\WINDOWS\SYSTEM32\IPHLPAPI.DLL
[1225/001342.897:ERROR:process_memory_win.cc(73)] ReadMemory at 0x7ffc97040000 of 64 bytes failed: Only part of a ReadProcessMemory or WriteProcessMemory request was completed. (0x12B)
[1225/001342.897:WARNING:pe_image_reader.cc(340)] could not read dos header from C:\WINDOWS\SYSTEM32\WINMM.dll
[1225/001342.897:ERROR:process_memory_win.cc(73)] ReadMemory at 0x7ffc69180000 of 64 bytes failed: Only part of a ReadProcessMemory or WriteProcessMemory request was completed. (0x12B)
[1225/001342.897:WARNING:pe_image_reader.cc(340)] could not read dos header from C:\WINDOWS\SYSTEM32\UIAutomationCore.DLL
[1225/001342.897:ERROR:process_memory_win.cc(73)] ReadMemory at 0x7ffc8aaa0000 of 64 bytes failed: Only part of a ReadProcessMemory or WriteProcessMemory request was completed. (0x12B)
[1225/001342.897:WARNING:pe_image_reader.cc(340)] could not read dos header from C:\WINDOWS\SYSTEM32\Secur32.dll
[1225/001342.898:ERROR:process_memory_win.cc(73)] ReadMemory at 0x7ffc9a640000 of 64 bytes failed: Only part of a ReadProcessMemory or WriteProcessMemory request was completed. (0x12B)
[1225/001342.898:WARNING:pe_image_reader.cc(340)] could not read dos header from C:\WINDOWS\SYSTEM32\USERENV.dll
[1225/001342.898:ERROR:process_memory_win.cc(73)] ReadMemory at 0x7ffc9a7e0000 of 64 bytes failed: Only part of a ReadProcessMemory or WriteProcessMemory request was completed. (0x12B)
[1225/001342.898:WARNING:pe_image_reader.cc(340)] could not read dos header from C:\WINDOWS\System32\profapi.dll
[1225/001342.898:ERROR:process_memory_win.cc(73)] ReadMemory at 0x7ffc8fc40000 of 64 bytes failed: Only part of a ReadProcessMemory or WriteProcessMemory request was completed. (0x12B)
[1225/001342.898:WARNING:pe_image_reader.cc(340)] could not read dos header from C:\WINDOWS\SYSTEM32\DWrite.dll
[1225/001342.898:ERROR:process_memory_win.cc(73)] ReadMemory at 0x7ffc8e120000 of 64 bytes failed: Only part of a ReadProcessMemory or WriteProcessMemory request was completed. (0x12B)
[1225/001342.898:WARNING:pe_image_reader.cc(340)] could not read dos header from C:\WINDOWS\SYSTEM32\WINSPOOL.DRV
[1225/001342.899:ERROR:process_memory_win.cc(73)] ReadMemory at 0x7ffc9a770000 of 64 bytes failed: Only part of a ReadProcessMemory or WriteProcessMemory request was completed. (0x12B)
[1225/001342.899:WARNING:pe_image_reader.cc(340)] could not read dos header from C:\WINDOWS\System32\kernel.appcore.dll
[1225/001342.899:ERROR:process_memory_win.cc(73)] ReadMemory at 0x7ffc9b7f0000 of 64 bytes failed: Only part of a ReadProcessMemory or WriteProcessMemory request was completed. (0x12B)
[1225/001342.899:WARNING:pe_image_reader.cc(340)] could not read dos header from C:\WINDOWS\System32\bcrypt.dll
[1225/001342.899:ERROR:process_memory_win.cc(73)] ReadMemory at 0x7ffc8c570000 of 64 bytes failed: Only part of a ReadProcessMemory or WriteProcessMemory request was completed. (0x12B)
[1225/001342.899:WARNING:pe_image_reader.cc(340)] could not read dos header from C:\WINDOWS\SYSTEM32\WINHTTP.dll
[1225/001342.899:ERROR:process_memory_win.cc(73)] ReadMemory at 0x7ffc8fff0000 of 64 bytes failed: Only part of a ReadProcessMemory or WriteProcessMemory request was completed. (0x12B)
[1225/001342.899:WARNING:pe_image_reader.cc(340)] could not read dos header from C:\WINDOWS\SYSTEM32\dhcpcsvc.DLL
[1225/001342.899:ERROR:process_memory_win.cc(73)] ReadMemory at 0x7ffc9d7f0000 of 64 bytes failed: Only part of a ReadProcessMemory or WriteProcessMemory request was completed. (0x12B)
[1225/001342.899:WARNING:pe_image_reader.cc(340)] could not read dos header from C:\WINDOWS\System32\NSI.dll
[1225/001342.900:ERROR:process_memory_win.cc(73)] ReadMemory at 0x7ffc97010000 of 64 bytes failed: Only part of a ReadProcessMemory or WriteProcessMemory request was completed. (0x12B)
[1225/001342.900:WARNING:pe_image_reader.cc(340)] could not read dos header from C:\WINDOWS\SYSTEM32\WINMMBASE.dll
[1225/001342.900:ERROR:process_memory_win.cc(73)] ReadMemory at 0x7ffc9a910000 of 64 bytes failed: Only part of a ReadProcessMemory or WriteProcessMemory request was completed. (0x12B)
[1225/001342.900:WARNING:pe_image_reader.cc(340)] could not read dos header from C:\WINDOWS\System32\cfgmgr32.dll
[1225/001342.900:ERROR:process_memory_win.cc(73)] ReadMemory at 0x7ffc968b0000 of 64 bytes failed: Only part of a ReadProcessMemory or WriteProcessMemory request was completed. (0x12B)
[1225/001342.900:WARNING:pe_image_reader.cc(340)] could not read dos header from C:\WINDOWS\SYSTEM32\PROPSYS.dll
[1225/001342.900:ERROR:process_memory_win.cc(73)] ReadMemory at 0x7ffc9c8f0000 of 64 bytes failed: Only part of a ReadProcessMemory or WriteProcessMemory request was completed. (0x12B)
[1225/001342.900:WARNING:pe_image_reader.cc(340)] could not read dos header from C:\WINDOWS\System32\shcore.dll
[1225/001342.900:ERROR:process_memory_win.cc(73)] ReadMemory at 0x7ffc9a670000 of 64 bytes failed: Only part of a ReadProcessMemory or WriteProcessMemory request was completed. (0x12B)
[1225/001342.900:WARNING:pe_image_reader.cc(340)] could not read dos header from C:\WINDOWS\SYSTEM32\SSPICLI.DLL
[1225/001342.901:ERROR:process_memory_win.cc(73)] ReadMemory at 0x7ffc9a180000 of 64 bytes failed: Only part of a ReadProcessMemory or WriteProcessMemory request was completed. (0x12B)
[1225/001342.901:WARNING:pe_image_reader.cc(340)] could not read dos header from C:\WINDOWS\SYSTEM32\CRYPTBASE.DLL
[1225/001343.098:ERROR:process_memory_win.cc(73)] ReadMemory at 0xa1e57dd000 of 143360 bytes failed: Only part of a ReadProcessMemory or WriteProcessMemory request was completed. (0x12B)
[1225/001343.180:ERROR:process_memory_win.cc(73)] ReadMemory at 0xa1e5ffe000 of 8192 bytes failed: Only part of a ReadProcessMemory or WriteProcessMemory request was completed. (0x12B)
[1225/001343.180:ERROR:process_memory_win.cc(73)] ReadMemory at 0xa1e6ffe000 of 8192 bytes failed: Only part of a ReadProcessMemory or WriteProcessMemory request was completed. (0x12B)
[1225/001343.180:ERROR:process_memory_win.cc(73)] ReadMemory at 0xa1e7ffc000 of 16384 bytes failed: Only part of a ReadProcessMemory or WriteProcessMemory request was completed. (0x12B)
[1225/001343.181:ERROR:process_memory_win.cc(73)] ReadMemory at 0xa1e87fe000 of 8192 bytes failed: Only part of a ReadProcessMemory or WriteProcessMemory request was completed. (0x12B)
[1225/001343.181:ERROR:process_memory_win.cc(73)] ReadMemory at 0xa1e8ffe000 of 8192 bytes failed: Only part of a ReadProcessMemory or WriteProcessMemory request was completed. (0x12B)
[1225/001343.181:ERROR:process_memory_win.cc(73)] ReadMemory at 0xa1e97fd000 of 12288 bytes failed: Only part of a ReadProcessMemory or WriteProcessMemory request was completed. (0x12B)
[1225/001343.181:ERROR:process_memory_win.cc(73)] ReadMemory at 0xa1ea7fe000 of 8192 bytes failed: Only part of a ReadProcessMemory or WriteProcessMemory request was completed. (0x12B)
[1225/001343.182:ERROR:process_memory_win.cc(73)] ReadMemory at 0xa1eaffc000 of 16384 bytes failed: Only part of a ReadProcessMemory or WriteProcessMemory request was completed. (0x12B)
[1225/001343.182:ERROR:process_memory_win.cc(73)] ReadMemory at 0xa1eb7fc000 of 16384 bytes failed: Only part of a ReadProcessMemory or WriteProcessMemory request was completed. (0x12B)
[1225/001343.182:ERROR:process_memory_win.cc(73)] ReadMemory at 0xa1ebffe000 of 8192 bytes failed: Only part of a ReadProcessMemory or WriteProcessMemory request was completed. (0x12B)
[1225/001343.183:ERROR:process_memory_win.cc(73)] ReadMemory at 0xa1e9ffe000 of 8192 bytes failed: Only part of a ReadProcessMemory or WriteProcessMemory request was completed. (0x12B)
[1225/001343.183:ERROR:process_memory_win.cc(73)] ReadMemory at 0xa1e77fc000 of 16384 bytes failed: Only part of a ReadProcessMemory or WriteProcessMemory request was completed. (0x12B)
[1225/001343.183:ERROR:process_memory_win.cc(73)] ReadMemory at 0xa1e67ff000 of 4096 bytes failed: Only part of a ReadProcessMemory or WriteProcessMemory request was completed. (0x12B)
[1225/001343.184:ERROR:process_memory_win.cc(73)] ReadMemory at 0xa1e4ed3000 of 852 bytes failed: Only part of a ReadProcessMemory or WriteProcessMemory request was completed. (0x12B)
[1225/001343.184:ERROR:process_memory_win.cc(73)] ReadMemory at 0xa1e4ed4000 of 6024 bytes failed: Only part of a ReadProcessMemory or WriteProcessMemory request was completed. (0x12B)
[1225/001343.184:ERROR:process_memory_win.cc(73)] ReadMemory at 0xa1e4ed6000 of 6024 bytes failed: Only part of a ReadProcessMemory or WriteProcessMemory request was completed. (0x12B)
[1225/001343.184:ERROR:process_memory_win.cc(73)] ReadMemory at 0xa1e4eda000 of 6024 bytes failed: Only part of a ReadProcessMemory or WriteProcessMemory request was completed. (0x12B)
[1225/001343.185:ERROR:process_memory_win.cc(73)] ReadMemory at 0xa1e4ede000 of 6024 bytes failed: Only part of a ReadProcessMemory or WriteProcessMemory request was completed. (0x12B)
[1225/001343.185:ERROR:process_memory_win.cc(73)] ReadMemory at 0xa1e4ee0000 of 6024 bytes failed: Only part of a ReadProcessMemory or WriteProcessMemory request was completed. (0x12B)
[1225/001343.185:ERROR:process_memory_win.cc(73)] ReadMemory at 0xa1e4ee2000 of 6024 bytes failed: Only part of a ReadProcessMemory or WriteProcessMemory request was completed. (0x12B)
[1225/001343.186:ERROR:process_memory_win.cc(73)] ReadMemory at 0xa1e4ee4000 of 6024 bytes failed: Only part of a ReadProcessMemory or WriteProcessMemory request was completed. (0x12B)
[1225/001343.186:ERROR:process_memory_win.cc(73)] ReadMemory at 0xa1e4ee8000 of 6024 bytes failed: Only part of a ReadProcessMemory or WriteProcessMemory request was completed. (0x12B)
[1225/001343.186:ERROR:process_memory_win.cc(73)] ReadMemory at 0xa1e4eea000 of 6024 bytes failed: Only part of a ReadProcessMemory or WriteProcessMemory request was completed. (0x12B)
[1225/001343.186:ERROR:process_memory_win.cc(73)] ReadMemory at 0xa1e4eec000 of 6024 bytes failed: Only part of a ReadProcessMemory or WriteProcessMemory request was completed. (0x12B)
[1225/001343.187:ERROR:process_memory_win.cc(73)] ReadMemory at 0xa1e4eee000 of 6024 bytes failed: Only part of a ReadProcessMemory or WriteProcessMemory request was completed. (0x12B)
[1225/001343.187:ERROR:process_memory_win.cc(73)] ReadMemory at 0xa1e4ef2000 of 6024 bytes failed: Only part of a ReadProcessMemory or WriteProcessMemory request was completed. (0x12B)
[1225/001343.187:ERROR:process_memory_win.cc(73)] ReadMemory at 0xa1e4f22000 of 6024 bytes failed: Only part of a ReadProcessMemory or WriteProcessMemory request was completed. (0x12B)
[1225/001343.188:ERROR:process_memory_win.cc(73)] ReadMemory at 0xa1e4f2a000 of 6024 bytes failed: Only part of a ReadProcessMemory or WriteProcessMemory request was completed. (0x12B)
[1225/001343.188:ERROR:process_memory_win.cc(73)] ReadMemory at 0x25f263f0fe0 of 18974 bytes failed: Only part of a ReadProcessMemory or WriteProcessMemory request was completed. (0x12B)
[1225/001343.188:ERROR:process_memory_win.cc(73)] ReadMemory at 0x25f263f5a10 of 1012 bytes failed: Only part of a ReadProcessMemory or WriteProcessMemory request was completed. (0x12B)
[1225/001343.189:ERROR:process_memory_win.cc(73)] ReadMemory at 0x25f263f6058 of 118 bytes failed: Only part of a ReadProcessMemory or WriteProcessMemory request was completed. (0x12B)
[1225/001343.189:ERROR:process_memory_win.cc(73)] ReadMemory at 0x25f263f60d0 of 712 bytes failed: Only part of a ReadProcessMemory or WriteProcessMemory request was completed. (0x12B)
[1225/001343.189:ERROR:process_memory_win.cc(73)] ReadMemory at 0x25f263f639a of 118 bytes failed: Only part of a ReadProcessMemory or WriteProcessMemory request was completed. (0x12B)
[1225/001343.189:ERROR:process_memory_win.cc(73)] ReadMemory at 0x25f263f6412 of 96 bytes failed: Only part of a ReadProcessMemory or WriteProcessMemory request was completed. (0x12B)
[1225/001343.190:ERROR:process_memory_win.cc(73)] ReadMemory at 0x25f263f6480 of 58 bytes failed: Only part of a ReadProcessMemory or WriteProcessMemory request was completed. (0x12B)
[1225/001343.190:ERROR:process_memory_win.cc(73)] ReadMemory at 0x25f263f6580 of 132 bytes failed: Only part of a ReadProcessMemory or WriteProcessMemory request was completed. (0x12B)
[1225/001343.190:ERROR:process_memory_win.cc(73)] ReadMemory at 0x25f263f6710 of 132 bytes failed: Only part of a ReadProcessMemory or WriteProcessMemory request was completed. (0x12B)
[1225/001343.190:ERROR:process_memory_win.cc(73)] ReadMemory at 0x25f263f68d0 of 124 bytes failed: Only part of a ReadProcessMemory or WriteProcessMemory request was completed. (0x12B)
[1225/001343.191:ERROR:process_memory_win.cc(73)] ReadMemory at 0x25f263f6dd0 of 132 bytes failed: Only part of a ReadProcessMemory or WriteProcessMemory request was completed. (0x12B)
[1225/001343.191:ERROR:process_memory_win.cc(73)] ReadMemory at 0x25f263f6f60 of 64 bytes failed: Only part of a ReadProcessMemory or WriteProcessMemory request was completed. (0x12B)
[1225/001343.191:ERROR:process_memory_win.cc(73)] ReadMemory at 0x25f263f7120 of 132 bytes failed: Only part of a ReadProcessMemory or WriteProcessMemory request was completed. (0x12B)
[1225/001343.191:ERROR:process_memory_win.cc(73)] ReadMemory at 0x25f263f73c0 of 132 bytes failed: Only part of a ReadProcessMemory or WriteProcessMemory request was completed. (0x12B)
[1225/001343.191:ERROR:process_memory_win.cc(73)] ReadMemory at 0x25f263f7550 of 68 bytes failed: Only part of a ReadProcessMemory or WriteProcessMemory request was completed. (0x12B)
[1225/001343.192:ERROR:process_memory_win.cc(73)] ReadMemory at 0x25f263f8600 of 132 bytes failed: Only part of a ReadProcessMemory or WriteProcessMemory request was completed. (0x12B)
[1225/001343.192:ERROR:process_memory_win.cc(73)] ReadMemory at 0x25f263f8790 of 152 bytes failed: Only part of a ReadProcessMemory or WriteProcessMemory request was completed. (0x12B)
[1225/001343.192:ERROR:process_memory_win.cc(73)] ReadMemory at 0x25f263fa9e0 of 62 bytes failed: Only part of a ReadProcessMemory or WriteProcessMemory request was completed. (0x12B)
[1225/001343.192:ERROR:process_memory_win.cc(73)] ReadMemory at 0x25f263fab10 of 132 bytes failed: Only part of a ReadProcessMemory or WriteProcessMemory request was completed. (0x12B)
[1225/001343.193:ERROR:process_memory_win.cc(73)] ReadMemory at 0x25f263faca0 of 60 bytes failed: Only part of a ReadProcessMemory or WriteProcessMemory request was completed. (0x12B)
[1225/001343.193:ERROR:process_memory_win.cc(73)] ReadMemory at 0x25f2640abb0 of 80 bytes failed: Only part of a ReadProcessMemory or WriteProcessMemory request was completed. (0x12B)
[1225/001343.193:ERROR:process_memory_win.cc(73)] ReadMemory at 0x25f2640bba0 of 54 bytes failed: Only part of a ReadProcessMemory or WriteProcessMemory request was completed. (0x12B)
[1225/001343.193:ERROR:process_memory_win.cc(73)] ReadMemory at 0x25f2640ef20 of 132 bytes failed: Only part of a ReadProcessMemory or WriteProcessMemory request was completed. (0x12B)
[1225/001343.193:ERROR:process_memory_win.cc(73)] ReadMemory at 0x25f2640f050 of 144 bytes failed: Only part of a ReadProcessMemory or WriteProcessMemory request was completed. (0x12B)
[1225/001343.194:ERROR:process_memory_win.cc(73)] ReadMemory at 0x25f2640f380 of 132 bytes failed: Only part of a ReadProcessMemory or WriteProcessMemory request was completed. (0x12B)
[1225/001343.194:ERROR:process_memory_win.cc(73)] ReadMemory at 0x25f2640f580 of 132 bytes failed: Only part of a ReadProcessMemory or WriteProcessMemory request was completed. (0x12B)
[1225/001343.194:ERROR:process_memory_win.cc(73)] ReadMemory at 0x25f2640f6b0 of 132 bytes failed: Only part of a ReadProcessMemory or WriteProcessMemory request was completed. (0x12B)
[1225/001343.194:ERROR:process_memory_win.cc(73)] ReadMemory at 0x25f2640f7e0 of 132 bytes failed: Only part of a ReadProcessMemory or WriteProcessMemory request was completed. (0x12B)
[1225/001343.195:ERROR:process_memory_win.cc(73)] ReadMemory at 0x25f2640f910 of 132 bytes failed: Only part of a ReadProcessMemory or WriteProcessMemory request was completed. (0x12B)
[1225/001343.195:ERROR:process_memory_win.cc(73)] ReadMemory at 0x25f2640fa40 of 132 bytes failed: Only part of a ReadProcessMemory or WriteProcessMemory request was completed. (0x12B)
[1225/001343.195:ERROR:process_memory_win.cc(73)] ReadMemory at 0x25f2640fb70 of 132 bytes failed: Only part of a ReadProcessMemory or WriteProcessMemory request was completed. (0x12B)
[1225/001343.195:ERROR:process_memory_win.cc(73)] ReadMemory at 0x25f2640fca0 of 132 bytes failed: Only part of a ReadProcessMemory or WriteProcessMemory request was completed. (0x12B)
[1225/001343.196:ERROR:process_memory_win.cc(73)] ReadMemory at 0x25f2640fdd0 of 132 bytes failed: Only part of a ReadProcessMemory or WriteProcessMemory request was completed. (0x12B)
[1225/001343.196:ERROR:process_memory_win.cc(73)] ReadMemory at 0x25f2640ff00 of 132 bytes failed: Only part of a ReadProcessMemory or WriteProcessMemory request was completed. (0x12B)
[1225/001343.196:ERROR:process_memory_win.cc(73)] ReadMemory at 0x25f26410030 of 132 bytes failed: Only part of a ReadProcessMemory or WriteProcessMemory request was completed. (0x12B)
[1225/001343.196:ERROR:process_memory_win.cc(73)] ReadMemory at 0x25f26410160 of 132 bytes failed: Only part of a ReadProcessMemory or WriteProcessMemory request was completed. (0x12B)
[1225/001343.196:ERROR:process_memory_win.cc(73)] ReadMemory at 0x25f264103c0 of 132 bytes failed: Only part of a ReadProcessMemory or WriteProcessMemory request was completed. (0x12B)
[1225/001343.197:ERROR:process_memory_win.cc(73)] ReadMemory at 0x25f26410fb0 of 80 bytes failed: Only part of a ReadProcessMemory or WriteProcessMemory request was completed. (0x12B)
[1225/001343.197:ERROR:process_memory_win.cc(73)] ReadMemory at 0x25f26411310 of 76 bytes failed: Only part of a ReadProcessMemory or WriteProcessMemory request was completed. (0x12B)
[1225/001343.197:ERROR:process_memory_win.cc(73)] ReadMemory at 0x25f26414810 of 64 bytes failed: Only part of a ReadProcessMemory or WriteProcessMemory request was completed. (0x12B)
[1225/001343.197:ERROR:process_memory_win.cc(73)] ReadMemory at 0x25f26414860 of 60 bytes failed: Only part of a ReadProcessMemory or WriteProcessMemory request was completed. (0x12B)
[1225/001343.198:ERROR:process_memory_win.cc(73)] ReadMemory at 0x25f26414900 of 64 bytes failed: Only part of a ReadProcessMemory or WriteProcessMemory request was completed. (0x12B)
[1225/001343.198:ERROR:process_memory_win.cc(73)] ReadMemory at 0x25f264149f0 of 62 bytes failed: Only part of a ReadProcessMemory or WriteProcessMemory request was completed. (0x12B)
[1225/001343.198:ERROR:process_memory_win.cc(73)] ReadMemory at 0x25f26414a90 of 60 bytes failed: Only part of a ReadProcessMemory or WriteProcessMemory request was completed. (0x12B)
[1225/001343.198:ERROR:process_memory_win.cc(73)] ReadMemory at 0x25f26414ae0 of 62 bytes failed: Only part of a ReadProcessMemory or WriteProcessMemory request was completed. (0x12B)
[1225/001343.199:ERROR:process_memory_win.cc(73)] ReadMemory at 0x25f26414c20 of 62 bytes failed: Only part of a ReadProcessMemory or WriteProcessMemory request was completed. (0x12B)
[1225/001343.199:ERROR:process_memory_win.cc(73)] ReadMemory at 0x25f26414c70 of 60 bytes failed: Only part of a ReadProcessMemory or WriteProcessMemory request was completed. (0x12B)
[1225/001343.199:ERROR:process_memory_win.cc(73)] ReadMemory at 0x25f26414cc0 of 62 bytes failed: Only part of a ReadProcessMemory or WriteProcessMemory request was completed. (0x12B)
[1225/001343.199:ERROR:process_memory_win.cc(73)] ReadMemory at 0x25f26414e00 of 64 bytes failed: Only part of a ReadProcessMemory or WriteProcessMemory request was completed. (0x12B)
[1225/001343.199:ERROR:process_memory_win.cc(73)] ReadMemory at 0x25f26414f90 of 62 bytes failed: Only part of a ReadProcessMemory or WriteProcessMemory request was completed. (0x12B)
[1225/001343.200:ERROR:process_memory_win.cc(73)] ReadMemory at 0x25f26414fe0 of 64 bytes failed: Only part of a ReadProcessMemory or WriteProcessMemory request was completed. (0x12B)
[1225/001343.200:ERROR:process_memory_win.cc(73)] ReadMemory at 0x25f26415080 of 62 bytes failed: Only part of a ReadProcessMemory or WriteProcessMemory request was completed. (0x12B)
[1225/001343.200:ERROR:process_memory_win.cc(73)] ReadMemory at 0x25f264150d0 of 66 bytes failed: Only part of a ReadProcessMemory or WriteProcessMemory request was completed. (0x12B)
[1225/001343.200:ERROR:process_memory_win.cc(73)] ReadMemory at 0x25f26415210 of 62 bytes failed: Only part of a ReadProcessMemory or WriteProcessMemory request was completed. (0x12B)
[1225/001343.201:ERROR:process_memory_win.cc(73)] ReadMemory at 0x25f26415260 of 64 bytes failed: Only part of a ReadProcessMemory or WriteProcessMemory request was completed. (0x12B)
[1225/001343.201:ERROR:process_memory_win.cc(73)] ReadMemory at 0x25f264153f0 of 64 bytes failed: Only part of a ReadProcessMemory or WriteProcessMemory request was completed. (0x12B)
[1225/001343.201:ERROR:process_memory_win.cc(73)] ReadMemory at 0x25f26415440 of 64 bytes failed: Only part of a ReadProcessMemory or WriteProcessMemory request was completed. (0x12B)
[1225/001343.201:ERROR:process_memory_win.cc(73)] ReadMemory at 0x25f26415490 of 62 bytes failed: Only part of a ReadProcessMemory or WriteProcessMemory request was completed. (0x12B)
[1225/001343.201:ERROR:process_memory_win.cc(73)] ReadMemory at 0x25f264154e0 of 60 bytes failed: Only part of a ReadProcessMemory or WriteProcessMemory request was completed. (0x12B)
[1225/001343.202:ERROR:process_memory_win.cc(73)] ReadMemory at 0x25f26415530 of 66 bytes failed: Only part of a ReadProcessMemory or WriteProcessMemory request was completed. (0x12B)
[1225/001343.202:ERROR:process_memory_win.cc(73)] ReadMemory at 0x25f26415580 of 58 bytes failed: Only part of a ReadProcessMemory or WriteProcessMemory request was completed. (0x12B)
[1225/001343.202:ERROR:process_memory_win.cc(73)] ReadMemory at 0x25f264155d0 of 62 bytes failed: Only part of a ReadProcessMemory or WriteProcessMemory request was completed. (0x12B)
[1225/001343.202:ERROR:process_memory_win.cc(73)] ReadMemory at 0x25f26415670 of 62 bytes failed: Only part of a ReadProcessMemory or WriteProcessMemory request was completed. (0x12B)
[1225/001343.203:ERROR:process_memory_win.cc(73)] ReadMemory at 0x25f264156c0 of 60 bytes failed: Only part of a ReadProcessMemory or WriteProcessMemory request was completed. (0x12B)
[1225/001343.203:ERROR:process_memory_win.cc(73)] ReadMemory at 0x25f26415710 of 60 bytes failed: Only part of a ReadProcessMemory or WriteProcessMemory request was completed. (0x12B)
[1225/001343.203:ERROR:process_memory_win.cc(73)] ReadMemory at 0x25f26415760 of 64 bytes failed: Only part of a ReadProcessMemory or WriteProcessMemory request was completed. (0x12B)
[1225/001343.203:ERROR:process_memory_win.cc(73)] ReadMemory at 0x25f26417af0 of 132 bytes failed: Only part of a ReadProcessMemory or WriteProcessMemory request was completed. (0x12B)
[1225/001343.204:ERROR:process_memory_win.cc(73)] ReadMemory at 0x25f26417fc0 of 132 bytes failed: Only part of a ReadProcessMemory or WriteProcessMemory request was completed. (0x12B)
[1225/001343.204:ERROR:process_memory_win.cc(73)] ReadMemory at 0x25f26418540 of 132 bytes failed: Only part of a ReadProcessMemory or WriteProcessMemory request was completed. (0x12B)
[1225/001343.204:ERROR:process_memory_win.cc(73)] ReadMemory at 0x25f26418670 of 132 bytes failed: Only part of a ReadProcessMemory or WriteProcessMemory request was completed. (0x12B)
[1225/001343.204:ERROR:process_memory_win.cc(73)] ReadMemory at 0x25f2641b340 of 132 bytes failed: Only part of a ReadProcessMemory or WriteProcessMemory request was completed. (0x12B)
[1225/001343.204:ERROR:process_memory_win.cc(73)] ReadMemory at 0x25f2641b6a0 of 132 bytes failed: Only part of a ReadProcessMemory or WriteProcessMemory request was completed. (0x12B)
[1225/001343.205:ERROR:process_memory_win.cc(73)] ReadMemory at 0x25f2641fae0 of 132 bytes failed: Only part of a ReadProcessMemory or WriteProcessMemory request was completed. (0x12B)
[1225/001343.205:ERROR:process_memory_win.cc(73)] ReadMemory at 0x25f2641fe00 of 132 bytes failed: Only part of a ReadProcessMemory or WriteProcessMemory request was completed. (0x12B)
[1225/001343.205:ERROR:process_memory_win.cc(73)] ReadMemory at 0x25f26420240 of 132 bytes failed: Only part of a ReadProcessMemory or WriteProcessMemory request was completed. (0x12B)
[1225/001343.205:ERROR:process_memory_win.cc(73)] ReadMemory at 0x25f26420370 of 132 bytes failed: Only part of a ReadProcessMemory or WriteProcessMemory request was completed. (0x12B)
[1225/001343.206:ERROR:process_memory_win.cc(73)] ReadMemory at 0x25f26420a90 of 132 bytes failed: Only part of a ReadProcessMemory or WriteProcessMemory request was completed. (0x12B)
[1225/001343.206:ERROR:process_memory_win.cc(73)] ReadMemory at 0x25f26421080 of 132 bytes failed: Only part of a ReadProcessMemory or WriteProcessMemory request was completed. (0x12B)
[1225/001343.206:ERROR:process_memory_win.cc(73)] ReadMemory at 0x25f264211b0 of 132 bytes failed: Only part of a ReadProcessMemory or WriteProcessMemory request was completed. (0x12B)
[1225/001343.206:ERROR:process_memory_win.cc(73)] ReadMemory at 0x25f26421260 of 512 bytes failed: Only part of a ReadProcessMemory or WriteProcessMemory request was completed. (0x12B)
[1225/001343.206:ERROR:process_memory_win.cc(73)] ReadMemory at 0x25f26421540 of 132 bytes failed: Only part of a ReadProcessMemory or WriteProcessMemory request was completed. (0x12B)
[1225/001343.207:ERROR:process_memory_win.cc(73)] ReadMemory at 0x25f26421b30 of 132 bytes failed: Only part of a ReadProcessMemory or WriteProcessMemory request was completed. (0x12B)
[1225/001343.207:ERROR:process_memory_win.cc(73)] ReadMemory at 0x25f26421d90 of 132 bytes failed: Only part of a ReadProcessMemory or WriteProcessMemory request was completed. (0x12B)
[1225/001343.207:ERROR:process_memory_win.cc(73)] ReadMemory at 0x25f26421ec0 of 132 bytes failed: Only part of a ReadProcessMemory or WriteProcessMemory request was completed. (0x12B)
[1225/001343.207:ERROR:process_memory_win.cc(73)] ReadMemory at 0x25f26421ff0 of 132 bytes failed: Only part of a ReadProcessMemory or WriteProcessMemory request was completed. (0x12B)
[1225/001343.208:ERROR:process_memory_win.cc(73)] ReadMemory at 0x25f26457f80 of 512 bytes failed: Only part of a ReadProcessMemory or WriteProcessMemory request was completed. (0x12B)
[1225/001343.208:ERROR:process_memory_win.cc(73)] ReadMemory at 0x25f2646fee0 of 512 bytes failed: Only part of a ReadProcessMemory or WriteProcessMemory request was completed. (0x12B)
[1225/001343.208:ERROR:process_memory_win.cc(73)] ReadMemory at 0x25f264705b0 of 512 bytes failed: Only part of a ReadProcessMemory or WriteProcessMemory request was completed. (0x12B)
[1225/001343.208:ERROR:process_memory_win.cc(73)] ReadMemory at 0x25f264911f0 of 512 bytes failed: Only part of a ReadProcessMemory or WriteProcessMemory request was completed. (0x12B)
[1225/001343.208:ERROR:process_memory_win.cc(73)] ReadMemory at 0x25f2649f410 of 512 bytes failed: Only part of a ReadProcessMemory or WriteProcessMemory request was completed. (0x12B)
[1225/001343.209:ERROR:process_memory_win.cc(73)] ReadMemory at 0x25f2649f670 of 712 bytes failed: Only part of a ReadProcessMemory or WriteProcessMemory request was completed. (0x12B)
[1225/001343.209:ERROR:process_memory_win.cc(73)] ReadMemory at 0x25f264a1328 of 512 bytes failed: Only part of a ReadProcessMemory or WriteProcessMemory request was completed. (0x12B)
[1225/001343.209:ERROR:process_memory_win.cc(73)] ReadMemory at 0x25f264a53e0 of 512 bytes failed: Only part of a ReadProcessMemory or WriteProcessMemory request was completed. (0x12B)
[1225/001343.209:ERROR:process_memory_win.cc(73)] ReadMemory at 0x25f264cebf8 of 512 bytes failed: Only part of a ReadProcessMemory or WriteProcessMemory request was completed. (0x12B)
[1225/001343.210:ERROR:process_memory_win.cc(73)] ReadMemory at 0x25f264cfa98 of 512 bytes failed: Only part of a ReadProcessMemory or WriteProcessMemory request was completed. (0x12B)
[1225/001343.210:ERROR:process_memory_win.cc(73)] ReadMemory at 0x25f264cfcd8 of 512 bytes failed: Only part of a ReadProcessMemory or WriteProcessMemory request was completed. (0x12B)
[1225/001343.210:ERROR:process_memory_win.cc(73)] ReadMemory at 0x25f264d8a40 of 512 bytes failed: Only part of a ReadProcessMemory or WriteProcessMemory request was completed. (0x12B)
[1225/001343.210:ERROR:process_memory_win.cc(73)] ReadMemory at 0x25f26510c40 of 512 bytes failed: Only part of a ReadProcessMemory or WriteProcessMemory request was completed. (0x12B)
[1225/001343.211:ERROR:process_memory_win.cc(73)] ReadMemory at 0x25f26512080 of 512 bytes failed: Only part of a ReadProcessMemory or WriteProcessMemory request was completed. (0x12B)
[1225/001343.211:ERROR:process_memory_win.cc(73)] ReadMemory at 0x25f27fb0000 of 384 bytes failed: Only part of a ReadProcessMemory or WriteProcessMemory request was completed. (0x12B)
[1225/001343.211:ERROR:process_memory_win.cc(73)] ReadMemory at 0x25f27ff2da8 of 512 bytes failed: Only part of a ReadProcessMemory or WriteProcessMemory request was completed. (0x12B)
[1225/001343.211:ERROR:process_memory_win.cc(73)] ReadMemory at 0x25f27ff67e6 of 608 bytes failed: Only part of a ReadProcessMemory or WriteProcessMemory request was completed. (0x12B)
[1225/001343.212:ERROR:process_memory_win.cc(73)] ReadMemory at 0x25f28096a50 of 512 bytes failed: Only part of a ReadProcessMemory or WriteProcessMemory request was completed. (0x12B)
[1225/001343.212:ERROR:process_memory_win.cc(73)] ReadMemory at 0x25f2809e490 of 512 bytes failed: Only part of a ReadProcessMemory or WriteProcessMemory request was completed. (0x12B)
[1225/001343.212:ERROR:process_memory_win.cc(73)] ReadMemory at 0x25f31f0c390 of 992 bytes failed: Only part of a ReadProcessMemory or WriteProcessMemory request was completed. (0x12B)
[1225/001343.212:ERROR:process_memory_win.cc(73)] ReadMemory at 0x25f32943470 of 512 bytes failed: Only part of a ReadProcessMemory or WriteProcessMemory request was completed. (0x12B)
[1225/001343.212:ERROR:process_memory_win.cc(73)] ReadMemory at 0x25f36e48760 of 512 bytes failed: Only part of a ReadProcessMemory or WriteProcessMemory request was completed. (0x12B)
[1225/001343.213:ERROR:process_memory_win.cc(73)] ReadMemory at 0x729482b218c0 of 512 bytes failed: Only part of a ReadProcessMemory or WriteProcessMemory request was completed. (0x12B)
[1225/001343.213:ERROR:process_memory_win.cc(73)] ReadMemory at 0x7ffc383debb0 of 512 bytes failed: Only part of a ReadProcessMemory or WriteProcessMemory request was completed. (0x12B)
[1225/001343.213:ERROR:process_memory_win.cc(73)] ReadMemory at 0x7ffc3a134d37 of 512 bytes failed: Only part of a ReadProcessMemory or WriteProcessMemory request was completed. (0x12B)
[1225/001343.213:ERROR:process_memory_win.cc(73)] ReadMemory at 0x7ffc3aace330 of 512 bytes failed: Only part of a ReadProcessMemory or WriteProcessMemory request was completed. (0x12B)
[1225/001343.214:ERROR:process_memory_win.cc(73)] ReadMemory at 0x7ffc3facac50 of 512 bytes failed: Only part of a ReadProcessMemory or WriteProcessMemory request was completed. (0x12B)
[1225/001343.214:ERROR:process_memory_win.cc(73)] ReadMemory at 0x7ffc3fd2df00 of 512 bytes failed: Only part of a ReadProcessMemory or WriteProcessMemory request was completed. (0x12B)
[1225/001343.214:ERROR:process_memory_win.cc(73)] ReadMemory at 0x7ffc71aea917 of 512 bytes failed: Only part of a ReadProcessMemory or WriteProcessMemory request was completed. (0x12B)
[1225/001343.214:ERROR:process_memory_win.cc(73)] ReadMemory at 0x7ffc9b991fd0 of 512 bytes failed: Only part of a ReadProcessMemory or WriteProcessMemory request was completed. (0x12B)
[1225/001343.214:ERROR:process_memory_win.cc(73)] ReadMemory at 0x7ffc9d95c6f4 of 672 bytes failed: Only part of a ReadProcessMemory or WriteProcessMemory request was completed. (0x12B)
[1225/001343.215:ERROR:process_memory_win.cc(73)] ReadMemory at 0x7ffc9d95ffa4 of 608 bytes failed: Only part of a ReadProcessMemory or WriteProcessMemory request was completed. (0x12B)
[1225/001343.215:ERROR:process_memory_win.cc(73)] ReadMemory at 0x7ffc9d9ec428 of 18 bytes failed: Only part of a ReadProcessMemory or WriteProcessMemory request was completed. (0x12B)
[1225/001343.215:ERROR:process_memory_win.cc(73)] ReadMemory at 0x7ffc9da1f4f8 of 40 bytes failed: Only part of a ReadProcessMemory or WriteProcessMemory request was completed. (0x12B)
[1225/001343.215:ERROR:process_memory_win.cc(73)] ReadMemory at 0x7ffc9da1f978 of 48 bytes failed: Only part of a ReadProcessMemory or WriteProcessMemory request was completed. (0x12B)
[1225/001343.215:ERROR:process_memory_win.cc(73)] ReadMemory at 0x7ffc9da253c0 of 64 bytes failed: Only part of a ReadProcessMemory or WriteProcessMemory request was completed. (0x12B)
[1225/001343.855:ERROR:scoped_process_suspend.cc(40)] NtResumeProcess: An attempt was made to access an exiting process. (0xc000010a)
